<?xml version="1.0" encoding="UTF-8"?>
<testng-results ignored="0" total="2" passed="2" failed="0" skipped="0">
  <reporter-output>
  </reporter-output>
  <suite started-at="2023-08-20T13:46:12 CEST" name="Default suite" finished-at="2023-08-20T13:46:43 CEST" duration-ms="31120">
    <groups>
    </groups>
    <test started-at="2023-08-20T13:46:12 CEST" name="Default test" finished-at="2023-08-20T13:46:43 CEST" duration-ms="31120">
      <class name="XCarTest.loginAndLogOut">
        <test-method is-config="true" signature="setup()[pri:0, instance:XCarTest.loginAndLogOut@1ffaf86]" started-at="2023-08-20T13:46:12 CEST" name="setup" finished-at="2023-08-20T13:46:27 CEST" duration-ms="15124" status="PASS">
          <reporter-output>
          </reporter-output>
        </test-method> <!-- setup -->
        <test-method is-config="true" signature="setUp()[pri:0, instance:XCarTest.loginAndLogOut@1ffaf86]" started-at="2023-08-20T13:46:27 CEST" name="setUp" finished-at="2023-08-20T13:46:32 CEST" depends-on-methods="XCarTest.loginMain.setup" duration-ms="4389" status="PASS">
          <reporter-output>
          </reporter-output>
        </test-method> <!-- setUp -->
        <test-method signature="logOut()[pri:0, instance:XCarTest.loginAndLogOut@1ffaf86]" started-at="2023-08-20T13:46:32 CEST" name="logOut" finished-at="2023-08-20T13:46:39 CEST" duration-ms="7203" status="PASS">
          <reporter-output>
          </reporter-output>
        </test-method> <!-- logOut -->
        <test-method signature="loging()[pri:0, instance:XCarTest.loginAndLogOut@1ffaf86]" started-at="2023-08-20T13:46:39 CEST" name="loging" finished-at="2023-08-20T13:46:43 CEST" duration-ms="4352" status="PASS">
          <reporter-output>
          </reporter-output>
        </test-method> <!-- loging -->
      </class> <!-- XCarTest.loginAndLogOut -->
    </test> <!-- Default test -->
  </suite> <!-- Default suite -->
</testng-results>
