<?xml version="1.0" encoding="UTF-8"?>
<testng-results ignored="0" total="2" passed="2" failed="0" skipped="0">
  <reporter-output>
  </reporter-output>
  <suite started-at="2023-08-16T12:48:47 CEST" name="Default suite" finished-at="2023-08-16T12:49:18 CEST" duration-ms="31810">
    <groups>
    </groups>
    <test started-at="2023-08-16T12:48:47 CEST" name="Default test" finished-at="2023-08-16T12:49:18 CEST" duration-ms="31810">
      <class name="XCarTest.loginAndLogOut">
        <test-method is-config="true" signature="setup()[pri:0, instance:XCarTest.loginAndLogOut@13e344d]" started-at="2023-08-16T12:48:47 CEST" name="setup" finished-at="2023-08-16T12:49:04 CEST" duration-ms="16978" status="PASS">
          <reporter-output>
          </reporter-output>
        </test-method> <!-- setup -->
        <test-method is-config="true" signature="setUp()[pri:0, instance:XCarTest.loginAndLogOut@13e344d]" started-at="2023-08-16T12:49:04 CEST" name="setUp" finished-at="2023-08-16T12:49:08 CEST" depends-on-methods="XCarTest.loginMain.setup" duration-ms="4325" status="PASS">
          <reporter-output>
          </reporter-output>
        </test-method> <!-- setUp -->
        <test-method signature="logOut()[pri:0, instance:XCarTest.loginAndLogOut@13e344d]" started-at="2023-08-16T12:49:08 CEST" name="logOut" finished-at="2023-08-16T12:49:15 CEST" duration-ms="7084" status="PASS">
          <reporter-output>
          </reporter-output>
        </test-method> <!-- logOut -->
        <test-method signature="loging()[pri:0, instance:XCarTest.loginAndLogOut@13e344d]" started-at="2023-08-16T12:49:15 CEST" name="loging" finished-at="2023-08-16T12:49:18 CEST" duration-ms="3315" status="PASS">
          <reporter-output>
          </reporter-output>
        </test-method> <!-- loging -->
      </class> <!-- XCarTest.loginAndLogOut -->
    </test> <!-- Default test -->
  </suite> <!-- Default suite -->
</testng-results>
