<?xml version="1.0" encoding="UTF-8"?>
<!-- Generated by org.testng.reporters.JUnitXMLReporter -->
<testsuite ignored="0" hostname="DESKTOP-L12O5CF" failures="1" tests="1" name="How It Works" time="26.118" errors="0" timestamp="2024-04-18T18:03:09 CEST">
  <testcase classname="XCarTest.howitWorks" name="howitworks" time="7.235">
    <failure type="org.openqa.selenium.NoSuchElementException" message="An element could not be located on the page using the given search parameters.
For documentation on this error, please visit: https://www.selenium.dev/documentation/webdriver/troubleshooting/errors#no-such-element-exception
Build info: version: &amp;apos;4.13.0&amp;apos;, revision: &amp;apos;ba948ece5b*&amp;apos;
System info: os.name: &amp;apos;Windows 10&amp;apos;, os.arch: &amp;apos;amd64&amp;apos;, os.version: &amp;apos;10.0&amp;apos;, java.version: &amp;apos;17.0.5&amp;apos;
Driver info: io.appium.java_client.AppiumDriver
Command: [fec08240-0317-4e86-aecd-8cafd7a0612e, findElement {using=xpath, value=//android.widget.ImageView[@content-desc=&amp;quot;Más opciones&amp;quot;]}]
Capabilities {appium:appActivity: com.epicdeveloper.xcar.Main..., appium:appPackage: com.epicdeveloper.xcar, appium:databaseEnabled: false, appium:desired: {appActivity: com.epicdeveloper.xcar.Main..., appPackage: com.epicdeveloper.xcar, deviceName: Redmi 13C, platformName: ANDROID, platformVersion: 13, udid: 192.168.1.138:5565}, appium:deviceApiLevel: 33, appium:deviceManufacturer: Xiaomi, appium:deviceModel: 23108RN04Y, appium:deviceName: 192.168.1.138:5565, appium:deviceScreenDensity: 320, appium:deviceScreenSize: 720x1600, appium:deviceUDID: 192.168.1.138:5565, appium:javascriptEnabled: true, appium:locationContextEnabled: false, appium:networkConnectionEnabled: true, appium:pixelRatio: 2, appium:platformVersion: 13, appium:statBarHeight: 68, appium:takesScreenshot: true, appium:udid: 192.168.1.138:5565, appium:viewportRect: {height: 1370, left: 0, top: 68, width: 720}, appium:warnings: {}, appium:webStorageEnabled: false, platformName: ANDROID}
Session ID: fec08240-0317-4e86-aecd-8cafd7a0612e">
      <![CDATA[org.openqa.selenium.NoSuchElementException: An element could not be located on the page using the given search parameters.
For documentation on this error, please visit: https://www.selenium.dev/documentation/webdriver/troubleshooting/errors#no-such-element-exception
Build info: version: '4.13.0', revision: 'ba948ece5b*'
System info: os.name: 'Windows 10', os.arch: 'amd64', os.version: '10.0', java.version: '17.0.5'
Driver info: io.appium.java_client.AppiumDriver
Command: [fec08240-0317-4e86-aecd-8cafd7a0612e, findElement {using=xpath, value=//android.widget.ImageView[@content-desc="Más opciones"]}]
Capabilities {appium:appActivity: com.epicdeveloper.xcar.Main..., appium:appPackage: com.epicdeveloper.xcar, appium:databaseEnabled: false, appium:desired: {appActivity: com.epicdeveloper.xcar.Main..., appPackage: com.epicdeveloper.xcar, deviceName: Redmi 13C, platformName: ANDROID, platformVersion: 13, udid: 192.168.1.138:5565}, appium:deviceApiLevel: 33, appium:deviceManufacturer: Xiaomi, appium:deviceModel: 23108RN04Y, appium:deviceName: 192.168.1.138:5565, appium:deviceScreenDensity: 320, appium:deviceScreenSize: 720x1600, appium:deviceUDID: 192.168.1.138:5565, appium:javascriptEnabled: true, appium:locationContextEnabled: false, appium:networkConnectionEnabled: true, appium:pixelRatio: 2, appium:platformVersion: 13, appium:statBarHeight: 68, appium:takesScreenshot: true, appium:udid: 192.168.1.138:5565, appium:viewportRect: {height: 1370, left: 0, top: 68, width: 720}, appium:warnings: {}, appium:webStorageEnabled: false, platformName: ANDROID}
Session ID: fec08240-0317-4e86-aecd-8cafd7a0612e
at org.openqa.selenium.remote.codec.w3c.W3CHttpResponseCodec.createException(W3CHttpResponseCodec.java:200)
at org.openqa.selenium.remote.codec.w3c.W3CHttpResponseCodec.decode(W3CHttpResponseCodec.java:133)
at org.openqa.selenium.remote.codec.w3c.W3CHttpResponseCodec.decode(W3CHttpResponseCodec.java:52)
at org.openqa.selenium.remote.HttpCommandExecutor.execute(HttpCommandExecutor.java:191)
at io.appium.java_client.remote.AppiumCommandExecutor.execute(AppiumCommandExecutor.java:250)
at org.openqa.selenium.remote.RemoteWebDriver.execute(RemoteWebDriver.java:602)
at org.openqa.selenium.remote.ElementLocation$ElementFinder$2.findElement(ElementLocation.java:165)
at org.openqa.selenium.remote.ElementLocation.findElement(ElementLocation.java:59)
at org.openqa.selenium.remote.RemoteWebDriver.findElement(RemoteWebDriver.java:359)
at org.openqa.selenium.remote.RemoteWebDriver.findElement(RemoteWebDriver.java:353)
at XCarTest.howitWorks.howitworks(howitWorks.java:59)
at java.base/java.util.ArrayList.forEach(ArrayList.java:1511)
... Removed 32 stack frames]]>
    </failure>
  </testcase> <!-- howitworks -->
</testsuite> <!-- How It Works -->
